{
  "stats": {
    "suites": 1,
    "tests": 1,
    "passes": 1,
    "pending": 0,
    "failures": 0,
    "start": "2019-12-23T08:09:09.372Z",
    "end": "2019-12-23T08:09:09.380Z",
    "duration": 8,
    "testsRegistered": 1,
    "passPercent": 100,
    "pendingPercent": 0,
    "other": 0,
    "hasOther": false,
    "skipped": 0,
    "hasSkipped": false
  },
  "results": [
    {
      "uuid": "ef5cddc9-d9bd-495e-a500-c6e87b14a9dc",
      "title": "",
      "fullFile": "",
      "file": "",
      "beforeHooks": [],
      "afterHooks": [],
      "tests": [],
      "suites": [
        {
          "uuid": "eb360f03-4061-4e01-9edd-6e71a6c2ce48",
          "title": "my second test suit",
          "fullFile": "D:\\Java\\GitHub\\node-test\\test\\mocha_lesson\\01_describe.js",
          "file": "\\test\\mocha_lesson\\01_describe.js",
          "beforeHooks": [],
          "afterHooks": [],
          "tests": [
            {
              "title": "my second test case",
              "fullTitle": "my second test suit my second test case",
              "timedOut": false,
              "duration": 1,
              "state": "passed",
              "speed": "fast",
              "pass": true,
              "fail": false,
              "pending": false,
              "context": null,
              "code": "expect(2).to.be.equal(2);",
              "err": {},
              "uuid": "e8051721-9b21-4d22-9d10-2ef2fadef285",
              "parentUUID": "eb360f03-4061-4e01-9edd-6e71a6c2ce48",
              "isHook": false,
              "skipped": false
            }
          ],
          "suites": [],
          "passes": [
            "e8051721-9b21-4d22-9d10-2ef2fadef285"
          ],
          "failures": [],
          "pending": [],
          "skipped": [],
          "duration": 1,
          "root": false,
          "rootEmpty": false,
          "_timeout": 2000
        }
      ],
      "passes": [],
      "failures": [],
      "pending": [],
      "skipped": [],
      "duration": 0,
      "root": true,
      "rootEmpty": true,
      "_timeout": 2000
    }
  ],
  "meta": {
    "mocha": {
      "version": "6.2.2"
    },
    "mochawesome": {
      "options": {
        "quiet": false,
        "reportFilename": "mochawesome",
        "saveHtml": true,
        "saveJson": true,
        "consoleReporter": "spec",
        "useInlineDiffs": false
      },
      "version": "4.1.0"
    },
    "marge": {
      "options": null,
      "version": "4.1.0"
    }
  }
}